<?xml version="1.0" encoding="UTF-8"?>
<testng-results ignored="0" total="6" passed="6" failed="0" skipped="0">
  <reporter-output>
  </reporter-output>
  <suite started-at="2023-04-04T23:11:19 IST" name="Default suite" finished-at="2023-04-04T23:11:22 IST" duration-ms="2720">
    <groups>
      <group name="cucumber">
        <method signature="AbstractTestNGCucumberTests.runScenario(io.cucumber.testng.PickleWrapper,io.cucumber.testng.FeatureWrapper)[pri:0, instance:Runner.CucumberRunnerTests@121314f7]" name="runScenario" class="io.cucumber.testng.AbstractTestNGCucumberTests"/>
      </group> <!-- cucumber -->
    </groups>
    <test started-at="2023-04-04T23:11:19 IST" name="Default test" finished-at="2023-04-04T23:11:22 IST" duration-ms="2720">
      <class name="Runner.CucumberRunnerTests">
        <test-method is-config="true" signature="setUpClass(org.testng.ITestContext)[pri:0, instance:Runner.CucumberRunnerTests@121314f7]" started-at="2023-04-04T23:11:19 IST" name="setUpClass" finished-at="2023-04-04T23:11:19 IST" duration-ms="636" status="PASS">
          <params>
            <param index="0">
              <value>
                <![CDATA[org.testng.TestRunner@4afd21c6]]>
              </value>
            </param>
          </params>
          <reporter-output>
          </reporter-output>
        </test-method> <!-- setUpClass -->
        <test-method signature="runScenario(io.cucumber.testng.PickleWrapper,io.cucumber.testng.FeatureWrapper)[pri:0, instance:Runner.CucumberRunnerTests@121314f7]" started-at="2023-04-04T23:11:19 IST" name="runScenario" description="Runs Cucumber Scenarios" data-provider="scenarios" finished-at="2023-04-04T23:11:20 IST" duration-ms="96" status="PASS">
          <params>
            <param index="0">
              <value>
                <![CDATA["FirstScenario"]]>
              </value>
            </param>
            <param index="1">
              <value>
                <![CDATA["Explaining tags concept"]]>
              </value>
            </param>
          </params>
          <reporter-output>
          </reporter-output>
        </test-method> <!-- runScenario -->
        <test-method signature="runScenario(io.cucumber.testng.PickleWrapper,io.cucumber.testng.FeatureWrapper)[pri:0, instance:Runner.CucumberRunnerTests@121314f7]" started-at="2023-04-04T23:11:20 IST" name="runScenario" description="Runs Cucumber Scenarios" data-provider="scenarios" finished-at="2023-04-04T23:11:20 IST" duration-ms="16" status="PASS">
          <params>
            <param index="0">
              <value>
                <![CDATA["SecondScenario"]]>
              </value>
            </param>
            <param index="1">
              <value>
                <![CDATA["Explaining tags concept"]]>
              </value>
            </param>
          </params>
          <reporter-output>
          </reporter-output>
        </test-method> <!-- runScenario -->
        <test-method signature="runScenario(io.cucumber.testng.PickleWrapper,io.cucumber.testng.FeatureWrapper)[pri:0, instance:Runner.CucumberRunnerTests@121314f7]" started-at="2023-04-04T23:11:20 IST" name="runScenario" description="Runs Cucumber Scenarios" data-provider="scenarios" finished-at="2023-04-04T23:11:20 IST" duration-ms="13" status="PASS">
          <params>
            <param index="0">
              <value>
                <![CDATA["ThirdScenario"]]>
              </value>
            </param>
            <param index="1">
              <value>
                <![CDATA["Explaining tags concept"]]>
              </value>
            </param>
          </params>
          <reporter-output>
          </reporter-output>
        </test-method> <!-- runScenario -->
        <test-method signature="runScenario(io.cucumber.testng.PickleWrapper,io.cucumber.testng.FeatureWrapper)[pri:0, instance:Runner.CucumberRunnerTests@121314f7]" started-at="2023-04-04T23:11:20 IST" name="runScenario" description="Runs Cucumber Scenarios" data-provider="scenarios" finished-at="2023-04-04T23:11:20 IST" duration-ms="13" status="PASS">
          <params>
            <param index="0">
              <value>
                <![CDATA["FourthScenario"]]>
              </value>
            </param>
            <param index="1">
              <value>
                <![CDATA["Explaining tags concept"]]>
              </value>
            </param>
          </params>
          <reporter-output>
          </reporter-output>
        </test-method> <!-- runScenario -->
        <test-method signature="runScenario(io.cucumber.testng.PickleWrapper,io.cucumber.testng.FeatureWrapper)[pri:0, instance:Runner.CucumberRunnerTests@121314f7]" started-at="2023-04-04T23:11:20 IST" name="runScenario" description="Runs Cucumber Scenarios" data-provider="scenarios" finished-at="2023-04-04T23:11:20 IST" duration-ms="11" status="PASS">
          <params>
            <param index="0">
              <value>
                <![CDATA["FifthScenario"]]>
              </value>
            </param>
            <param index="1">
              <value>
                <![CDATA["Explaining tags concept"]]>
              </value>
            </param>
          </params>
          <reporter-output>
          </reporter-output>
        </test-method> <!-- runScenario -->
        <test-method signature="runScenario(io.cucumber.testng.PickleWrapper,io.cucumber.testng.FeatureWrapper)[pri:0, instance:Runner.CucumberRunnerTests@121314f7]" started-at="2023-04-04T23:11:20 IST" name="runScenario" description="Runs Cucumber Scenarios" data-provider="scenarios" finished-at="2023-04-04T23:11:20 IST" duration-ms="10" status="PASS">
          <params>
            <param index="0">
              <value>
                <![CDATA["SixthScenario"]]>
              </value>
            </param>
            <param index="1">
              <value>
                <![CDATA["Explaining tags concept"]]>
              </value>
            </param>
          </params>
          <reporter-output>
          </reporter-output>
        </test-method> <!-- runScenario -->
        <test-method is-config="true" signature="tearDownClass()[pri:0, instance:Runner.CucumberRunnerTests@121314f7]" started-at="2023-04-04T23:11:20 IST" name="tearDownClass" finished-at="2023-04-04T23:11:22 IST" duration-ms="1865" status="PASS">
          <reporter-output>
          </reporter-output>
        </test-method> <!-- tearDownClass -->
      </class> <!-- Runner.CucumberRunnerTests -->
    </test> <!-- Default test -->
  </suite> <!-- Default suite -->
</testng-results>
